<?xml version="1.0" encoding="UTF-8"?>
<!-- Generated by org.testng.reporters.JUnitReportReporter -->
<testsuite skipped="0" hostname="PankajKumar-HP" name="com.TestScript.Home_TestScript" tests="2" failures="0" timestamp="16 Jun 2020 04:53:14 GMT" time="7.810" errors="0">
  <testcase name="login" time="3.892" classname="com.TestScript.Home_TestScript"/>
  <testcase name="homepage" time="3.918" classname="com.TestScript.Home_TestScript"/>
</testsuite> <!-- com.TestScript.Home_TestScript -->
