<?xml version="1.0" encoding="UTF-8"?>
<!-- Generated by org.testng.reporters.JUnitReportReporter -->
<testsuite skipped="0" hostname="PankajKumar-HP" name="com.TestScript.Home_TestScript" tests="1" failures="0" timestamp="15 Jun 2020 04:34:33 GMT" time="6.422" errors="0">
  <testcase name="homepage" time="6.422" classname="com.TestScript.Home_TestScript"/>
</testsuite> <!-- com.TestScript.Home_TestScript -->
