<?xml version="1.0" encoding="UTF-8"?>
<!-- Generated by org.testng.reporters.JUnitReportReporter -->
<testsuite skipped="0" hostname="PankajKumar-HP" name="com.TestScript.Logout_TestScript" tests="2" failures="0" timestamp="14 Jun 2020 22:21:53 GMT" time="12.326" errors="0">
  <testcase name="login" time="2.472" classname="com.TestScript.Logout_TestScript"/>
  <testcase name="logout" time="9.854" classname="com.TestScript.Logout_TestScript"/>
</testsuite> <!-- com.TestScript.Logout_TestScript -->
