<?xml version="1.0" encoding="UTF-8"?>
<!-- Generated by org.testng.reporters.JUnitReportReporter -->
<testsuite skipped="0" hostname="PankajKumar-HP" name="com.TestScript.ForgotPass_TestScript" tests="1" failures="0" timestamp="15 Jun 2020 04:34:33 GMT" time="1.351" errors="0">
  <testcase name="forgotpass" time="1.351" classname="com.TestScript.ForgotPass_TestScript"/>
</testsuite> <!-- com.TestScript.ForgotPass_TestScript -->
