<?xml version="1.0" encoding="UTF-8"?>
<!-- Generated by org.testng.reporters.JUnitReportReporter -->
<testsuite skipped="0" hostname="PankajKumar-HP" name="com.TestScript.ForgotPass_TestScript" tests="1" failures="0" timestamp="16 Jun 2020 04:53:14 GMT" time="1.259" errors="0">
  <testcase name="forgotpass" time="1.259" classname="com.TestScript.ForgotPass_TestScript"/>
</testsuite> <!-- com.TestScript.ForgotPass_TestScript -->
