<?xml version="1.0" encoding="UTF-8"?>
<!-- Generated by org.testng.reporters.JUnitReportReporter -->
<testsuite skipped="0" hostname="PankajKumar-HP" name="com.TestScript.Login_Testscript" tests="2" failures="0" timestamp="16 Jun 2020 04:52:01 GMT" time="1.612" errors="0">
  <testcase name="loginbtn" time="0.349" classname="com.TestScript.Login_Testscript"/>
  <testcase name="logintosfdc" time="1.263" classname="com.TestScript.Login_Testscript"/>
</testsuite> <!-- com.TestScript.Login_Testscript -->
