<?xml version="1.0" encoding="UTF-8"?>
<!-- Generated by org.testng.reporters.JUnitReportReporter -->
<testsuite skipped="0" hostname="PankajKumar-HP" name="com.TestScript.Login_Testscript" tests="1" failures="0" timestamp="15 Jun 2020 03:58:10 GMT" time="0.844" errors="0">
  <testcase name="logintosfdc" time="0.844" classname="com.TestScript.Login_Testscript"/>
</testsuite> <!-- com.TestScript.Login_Testscript -->
