<?xml version="1.0" encoding="UTF-8"?>
<!-- Generated by org.testng.reporters.JUnitReportReporter -->
<testsuite skipped="0" hostname="PankajKumar-HP" name="com.TestScript.Login_Testscript" tests="2" failures="0" timestamp="17 Jun 2020 04:03:20 GMT" time="2.058" errors="0">
  <testcase name="login_To_Sfdc" time="0.471" classname="com.TestScript.Login_Testscript"/>
  <testcase name="login_Button_clicked" time="1.587" classname="com.TestScript.Login_Testscript"/>
</testsuite> <!-- com.TestScript.Login_Testscript -->
