<?xml version="1.0" encoding="UTF-8"?>
<!-- Generated by org.testng.reporters.JUnitReportReporter -->
<testsuite skipped="0" hostname="PankajKumar-HP" name="com.TestScript.ForgotPass_TestScript" tests="1" failures="0" timestamp="17 Jun 2020 04:03:20 GMT" time="0.781" errors="0">
  <testcase name="Login_forgotPassword" time="0.781" classname="com.TestScript.ForgotPass_TestScript"/>
</testsuite> <!-- com.TestScript.ForgotPass_TestScript -->
