<?xml version="1.0" encoding="UTF-8"?>
<!-- Generated by org.testng.reporters.JUnitReportReporter -->
<testsuite skipped="0" hostname="PankajKumar-HP" name="com.TestScript.Logout_TestScript" tests="3" failures="0" timestamp="17 Jun 2020 04:03:20 GMT" time="8.037" errors="0">
  <testcase name="login_forlogoutPage" time="0.495" classname="com.TestScript.Logout_TestScript"/>
  <testcase name="Button_clicked" time="7.095" classname="com.TestScript.Logout_TestScript"/>
  <testcase name="logout" time="0.447" classname="com.TestScript.Logout_TestScript"/>
</testsuite> <!-- com.TestScript.Logout_TestScript -->
