<?xml version="1.0" encoding="UTF-8"?>
<!-- Generated by org.testng.reporters.JUnitReportReporter -->
<testsuite skipped="0" hostname="PankajKumar-HP" name="com.TestScript.Logout_TestScript" tests="2" failures="0" timestamp="16 Jun 2020 04:52:01 GMT" time="5.788" errors="0">
  <testcase name="logout" time="3.582" classname="com.TestScript.Logout_TestScript"/>
  <testcase name="login" time="2.206" classname="com.TestScript.Logout_TestScript"/>
</testsuite> <!-- com.TestScript.Logout_TestScript -->
