<?xml version="1.0" encoding="UTF-8"?>
<!-- Generated by org.testng.reporters.JUnitReportReporter -->
<testsuite skipped="0" hostname="PankajKumar-HP" name="com.TestScript.Home_TestScript" tests="1" failures="0" timestamp="15 Jun 2020 04:43:44 GMT" time="10.033" errors="0">
  <testcase name="homepage" time="10.033" classname="com.TestScript.Home_TestScript"/>
</testsuite> <!-- com.TestScript.Home_TestScript -->
