<?xml version="1.0" encoding="UTF-8"?>
<!-- Generated by org.testng.reporters.JUnitReportReporter -->
<testsuite skipped="0" hostname="PankajKumar-HP" name="com.TestScript.Home_TestScript" tests="2" failures="0" timestamp="16 Jun 2020 04:58:36 GMT" time="6.749" errors="0">
  <testcase name="login" time="2.730" classname="com.TestScript.Home_TestScript"/>
  <testcase name="homepage" time="4.019" classname="com.TestScript.Home_TestScript"/>
</testsuite> <!-- com.TestScript.Home_TestScript -->
